

Processing ApplicationController#index (for 127.0.0.1 at 2009-12-15 00:53:48) [GET]


Processing ApplicationController#index (for 127.0.0.1 at 2009-12-15 00:53:48) [GET]

ActionController::RoutingError (No route matches "/javascripts/prototype.js" with {:method=>:get}):
  passenger (2.2.7) lib/phusion_passenger/rack/request_handler.rb:95:in `process_request'
  passenger (2.2.7) lib/phusion_passenger/abstract_request_handler.rb:207:in `main_loop'
  passenger (2.2.7) lib/phusion_passenger/railz/application_spawner.rb:374:in `start_request_handler'
  passenger (2.2.7) lib/phusion_passenger/railz/application_spawner.rb:332:in `handle_spawn_application'
  passenger (2.2.7) lib/phusion_passenger/utils.rb:184:in `safe_fork'
  passenger (2.2.7) lib/phusion_passenger/railz/application_spawner.rb:330:in `handle_spawn_application'
  passenger (2.2.7) lib/phusion_passenger/abstract_server.rb:352:in `__send__'
  passenger (2.2.7) lib/phusion_passenger/abstract_server.rb:352:in `main_loop'
  passenger (2.2.7) lib/phusion_passenger/abstract_server.rb:196:in `start_synchronously'
  passenger (2.2.7) lib/phusion_passenger/abstract_server.rb:163:in `start'
  passenger (2.2.7) lib/phusion_passenger/railz/application_spawner.rb:209:in `start'
  passenger (2.2.7) lib/phusion_passenger/spawn_manager.rb:262:in `spawn_rails_application'
  passenger (2.2.7) lib/phusion_passenger/abstract_server_collection.rb:126:in `lookup_or_add'
  passenger (2.2.7) lib/phusion_passenger/spawn_manager.rb:256:in `spawn_rails_application'
  passenger (2.2.7) lib/phusion_passenger/abstract_server_collection.rb:80:in `synchronize'
  passenger (2.2.7) lib/phusion_passenger/abstract_server_collection.rb:79:in `synchronize'
  passenger (2.2.7) lib/phusion_passenger/spawn_manager.rb:255:in `spawn_rails_application'
  passenger (2.2.7) lib/phusion_passenger/spawn_manager.rb:154:in `spawn_application'
  passenger (2.2.7) lib/phusion_passenger/spawn_manager.rb:287:in `handle_spawn_application'
  passenger (2.2.7) lib/phusion_passenger/abstract_server.rb:352:in `__send__'
  passenger (2.2.7) lib/phusion_passenger/abstract_server.rb:352:in `main_loop'
  passenger (2.2.7) lib/phusion_passenger/abstract_server.rb:196:in `start_synchronously'

Rendering rescues/layout (not_found)

ActionController::RoutingError (No route matches "/javascripts/effects.js" with {:method=>:get}):
  passenger (2.2.7) lib/phusion_passenger/rack/request_handler.rb:95:in `process_request'
  passenger (2.2.7) lib/phusion_passenger/abstract_request_handler.rb:207:in `main_loop'
  passenger (2.2.7) lib/phusion_passenger/railz/application_spawner.rb:374:in `start_request_handler'
  passenger (2.2.7) lib/phusion_passenger/railz/application_spawner.rb:332:in `handle_spawn_application'
  passenger (2.2.7) lib/phusion_passenger/utils.rb:184:in `safe_fork'
  passenger (2.2.7) lib/phusion_passenger/railz/application_spawner.rb:330:in `handle_spawn_application'
  passenger (2.2.7) lib/phusion_passenger/abstract_server.rb:352:in `__send__'
  passenger (2.2.7) lib/phusion_passenger/abstract_server.rb:352:in `main_loop'
  passenger (2.2.7) lib/phusion_passenger/abstract_server.rb:196:in `start_synchronously'
  passenger (2.2.7) lib/phusion_passenger/abstract_server.rb:163:in `start'
  passenger (2.2.7) lib/phusion_passenger/railz/application_spawner.rb:209:in `start'
  passenger (2.2.7) lib/phusion_passenger/spawn_manager.rb:262:in `spawn_rails_application'
  passenger (2.2.7) lib/phusion_passenger/abstract_server_collection.rb:126:in `lookup_or_add'
  passenger (2.2.7) lib/phusion_passenger/spawn_manager.rb:256:in `spawn_rails_application'
  passenger (2.2.7) lib/phusion_passenger/abstract_server_collection.rb:80:in `synchronize'
  passenger (2.2.7) lib/phusion_passenger/abstract_server_collection.rb:79:in `synchronize'
  passenger (2.2.7) lib/phusion_passenger/spawn_manager.rb:255:in `spawn_rails_application'
  passenger (2.2.7) lib/phusion_passenger/spawn_manager.rb:154:in `spawn_application'
  passenger (2.2.7) lib/phusion_passenger/spawn_manager.rb:287:in `handle_spawn_application'
  passenger (2.2.7) lib/phusion_passenger/abstract_server.rb:352:in `__send__'
  passenger (2.2.7) lib/phusion_passenger/abstract_server.rb:352:in `main_loop'
  passenger (2.2.7) lib/phusion_passenger/abstract_server.rb:196:in `start_synchronously'

Rendering rescues/layout (not_found)


Processing ApplicationController#index (for 127.0.0.1 at 2009-12-15 01:27:17) [GET]


Processing ApplicationController#index (for 127.0.0.1 at 2009-12-15 01:27:18) [GET]

ActionController::RoutingError (No route matches "/javascripts/prototype.js" with {:method=>:get}):
  passenger (2.2.7) lib/phusion_passenger/rack/request_handler.rb:95:in `process_request'
  passenger (2.2.7) lib/phusion_passenger/abstract_request_handler.rb:207:in `main_loop'
  passenger (2.2.7) lib/phusion_passenger/railz/application_spawner.rb:374:in `start_request_handler'
  passenger (2.2.7) lib/phusion_passenger/railz/application_spawner.rb:332:in `handle_spawn_application'
  passenger (2.2.7) lib/phusion_passenger/utils.rb:184:in `safe_fork'
  passenger (2.2.7) lib/phusion_passenger/railz/application_spawner.rb:330:in `handle_spawn_application'
  passenger (2.2.7) lib/phusion_passenger/abstract_server.rb:352:in `__send__'
  passenger (2.2.7) lib/phusion_passenger/abstract_server.rb:352:in `main_loop'
  passenger (2.2.7) lib/phusion_passenger/abstract_server.rb:196:in `start_synchronously'
  passenger (2.2.7) lib/phusion_passenger/abstract_server.rb:163:in `start'
  passenger (2.2.7) lib/phusion_passenger/railz/application_spawner.rb:209:in `start'
  passenger (2.2.7) lib/phusion_passenger/spawn_manager.rb:262:in `spawn_rails_application'
  passenger (2.2.7) lib/phusion_passenger/abstract_server_collection.rb:126:in `lookup_or_add'
  passenger (2.2.7) lib/phusion_passenger/spawn_manager.rb:256:in `spawn_rails_application'
  passenger (2.2.7) lib/phusion_passenger/abstract_server_collection.rb:80:in `synchronize'
  passenger (2.2.7) lib/phusion_passenger/abstract_server_collection.rb:79:in `synchronize'
  passenger (2.2.7) lib/phusion_passenger/spawn_manager.rb:255:in `spawn_rails_application'
  passenger (2.2.7) lib/phusion_passenger/spawn_manager.rb:154:in `spawn_application'
  passenger (2.2.7) lib/phusion_passenger/spawn_manager.rb:287:in `handle_spawn_application'
  passenger (2.2.7) lib/phusion_passenger/abstract_server.rb:352:in `__send__'
  passenger (2.2.7) lib/phusion_passenger/abstract_server.rb:352:in `main_loop'
  passenger (2.2.7) lib/phusion_passenger/abstract_server.rb:196:in `start_synchronously'

Rendering rescues/layout (not_found)

ActionController::RoutingError (No route matches "/javascripts/effects.js" with {:method=>:get}):
  passenger (2.2.7) lib/phusion_passenger/rack/request_handler.rb:95:in `process_request'
  passenger (2.2.7) lib/phusion_passenger/abstract_request_handler.rb:207:in `main_loop'
  passenger (2.2.7) lib/phusion_passenger/railz/application_spawner.rb:374:in `start_request_handler'
  passenger (2.2.7) lib/phusion_passenger/railz/application_spawner.rb:332:in `handle_spawn_application'
  passenger (2.2.7) lib/phusion_passenger/utils.rb:184:in `safe_fork'
  passenger (2.2.7) lib/phusion_passenger/railz/application_spawner.rb:330:in `handle_spawn_application'
  passenger (2.2.7) lib/phusion_passenger/abstract_server.rb:352:in `__send__'
  passenger (2.2.7) lib/phusion_passenger/abstract_server.rb:352:in `main_loop'
  passenger (2.2.7) lib/phusion_passenger/abstract_server.rb:196:in `start_synchronously'
  passenger (2.2.7) lib/phusion_passenger/abstract_server.rb:163:in `start'
  passenger (2.2.7) lib/phusion_passenger/railz/application_spawner.rb:209:in `start'
  passenger (2.2.7) lib/phusion_passenger/spawn_manager.rb:262:in `spawn_rails_application'
  passenger (2.2.7) lib/phusion_passenger/abstract_server_collection.rb:126:in `lookup_or_add'
  passenger (2.2.7) lib/phusion_passenger/spawn_manager.rb:256:in `spawn_rails_application'
  passenger (2.2.7) lib/phusion_passenger/abstract_server_collection.rb:80:in `synchronize'
  passenger (2.2.7) lib/phusion_passenger/abstract_server_collection.rb:79:in `synchronize'
  passenger (2.2.7) lib/phusion_passenger/spawn_manager.rb:255:in `spawn_rails_application'
  passenger (2.2.7) lib/phusion_passenger/spawn_manager.rb:154:in `spawn_application'
  passenger (2.2.7) lib/phusion_passenger/spawn_manager.rb:287:in `handle_spawn_application'
  passenger (2.2.7) lib/phusion_passenger/abstract_server.rb:352:in `__send__'
  passenger (2.2.7) lib/phusion_passenger/abstract_server.rb:352:in `main_loop'
  passenger (2.2.7) lib/phusion_passenger/abstract_server.rb:196:in `start_synchronously'

Rendering rescues/layout (not_found)
